# JRE version: OpenJDK Runtime Environment (11.0.10+9) (build 11.0.10+9-Ubuntu-0ubuntu1.18.04)
# Java VM: OpenJDK 64-Bit Server VM (11.0.10+9-Ubuntu-0ubuntu1.18.04, mixed mode, sharing, tiered, compressed oops, g1 gc, linux-amd64)
Heap:
 garbage-first heap   total 2797568K, used 11810K [0x0000000082000000, 0x0000000800000000)
  region size 4096K, 2 young (8192K), 2 survivors (8192K)
 Metaspace       used 13692K, capacity 14141K, committed 14336K, reserved 1062912K
  class space    used 1270K, capacity 1475K, committed 1536K, reserved 1048576K
GC Heap History (20 events):
Event: 32804.432 GC heap after
{Heap after GC invocations=1068 (full 0):
 garbage-first heap   total 2105344K, used 10341K [0x0000000082000000, 0x0000000800000000)
  region size 4096K, 1 young (4096K), 1 survivors (4096K)
 Metaspace       used 13692K, capacity 14141K, committed 14336K, reserved 1062912K
  class space    used 1270K, capacity 1475K, committed 1536K, reserved 1048576K
}
Event: 32835.796 GC heap before
{Heap before GC invocations=1068 (full 0):
 garbage-first heap   total 2105344K, used 1325157K [0x0000000082000000, 0x0000000800000000)
  region size 4096K, 307 young (1257472K), 1 survivors (4096K)
 Metaspace       used 13692K, capacity 14141K, committed 14336K, reserved 1062912K
  class space    used 1270K, capacity 1475K, committed 1536K, reserved 1048576K
}
Event: 32835.805 GC heap after
{Heap after GC invocations=1069 (full 0):
 garbage-first heap   total 2105344K, used 11490K [0x0000000082000000, 0x0000000800000000)
  region size 4096K, 2 young (8192K), 2 survivors (8192K)
 Metaspace       used 13692K, capacity 14141K, committed 14336K, reserved 1062912K
  class space    used 1270K, capacity 1475K, committed 1536K, reserved 1048576K
}
Event: 32866.874 GC heap before
{Heap before GC invocations=1069 (full 0):
 garbage-first heap   total 2105344K, used 1289442K [0x0000000082000000, 0x0000000800000000)
  region size 4096K, 307 young (1257472K), 2 survivors (8192K)
 Metaspace       used 13692K, capacity 14141K, committed 14336K, reserved 1062912K
  class space    used 1270K, capacity 1475K, committed 1536K, reserved 1048576K
}
Event: 32866.881 GC heap after
{Heap after GC invocations=1070 (full 0):
 garbage-first heap   total 2105344K, used 14327K [0x0000000082000000, 0x0000000800000000)
  region size 4096K, 2 young (8192K), 2 survivors (8192K)
 Metaspace       used 13692K, capacity 14141K, committed 14336K, reserved 1062912K
  class space    used 1270K, capacity 1475K, committed 1536K, reserved 1048576K
}
Event: 32903.168 GC heap before
{Heap before GC invocations=1070 (full 0):
 garbage-first heap   total 2105344K, used 1390583K [0x0000000082000000, 0x0000000800000000)
  region size 4096K, 307 young (1257472K), 2 survivors (8192K)
 Metaspace       used 13692K, capacity 14141K, committed 14336K, reserved 1062912K
  class space    used 1270K, capacity 1475K, committed 1536K, reserved 1048576K
}
Event: 32903.675 GC heap after
{Heap after GC invocations=1071 (full 0):
 garbage-first heap   total 2105344K, used 11750K [0x0000000082000000, 0x0000000800000000)
  region size 4096K, 2 young (8192K), 2 survivors (8192K)
 Metaspace       used 13692K, capacity 14141K, committed 14336K, reserved 1062912K
  class space    used 1270K, capacity 1475K, committed 1536K, reserved 1048576K
}
Event: 32944.364 GC heap before
{Heap before GC invocations=1071 (full 0):
 garbage-first heap   total 2105344K, used 1342950K [0x0000000082000000, 0x0000000800000000)
  region size 4096K, 307 young (1257472K), 2 survivors (8192K)
 Metaspace       used 13692K, capacity 14141K, committed 14336K, reserved 1062912K
  class space    used 1270K, capacity 1475K, committed 1536K, reserved 1048576K
}
Event: 32944.404 GC heap after
{Heap after GC invocations=1072 (full 0):
 garbage-first heap   total 2105344K, used 12852K [0x0000000082000000, 0x0000000800000000)
  region size 4096K, 2 young (8192K), 2 survivors (8192K)
 Metaspace       used 13692K, capacity 14141K, committed 14336K, reserved 1062912K
  class space    used 1270K, capacity 1475K, committed 1536K, reserved 1048576K
}
Event: 32991.875 GC heap before
{Heap before GC invocations=1072 (full 0):
 garbage-first heap   total 2105344K, used 1315380K [0x0000000082000000, 0x0000000800000000)
  region size 4096K, 307 young (1257472K), 2 survivors (8192K)
 Metaspace       used 13692K, capacity 14141K, committed 14336K, reserved 1062912K
  class space    used 1270K, capacity 1475K, committed 1536K, reserved 1048576K
}
Event: 32992.348 GC heap after
{Heap after GC invocations=1073 (full 0):
 garbage-first heap   total 2105344K, used 12090K [0x0000000082000000, 0x0000000800000000)
  region size 4096K, 2 young (8192K), 2 survivors (8192K)
 Metaspace       used 13692K, capacity 14141K, committed 14336K, reserved 1062912K
  class space    used 1270K, capacity 1475K, committed 1536K, reserved 1048576K
}
Event: 33041.180 GC heap before
{Heap before GC invocations=1073 (full 0):
 garbage-first heap   total 2105344K, used 1396538K [0x0000000082000000, 0x0000000800000000)
  region size 4096K, 307 young (1257472K), 2 survivors (8192K)
 Metaspace       used 13692K, capacity 14141K, committed 14336K, reserved 1062912K
  class space    used 1270K, capacity 1475K, committed 1536K, reserved 1048576K
}
Event: 33042.173 GC heap after
{Heap after GC invocations=1074 (full 0):
 garbage-first heap   total 2105344K, used 11406K [0x0000000082000000, 0x0000000800000000)
  region size 4096K, 2 young (8192K), 2 survivors (8192K)
 Metaspace       used 13692K, capacity 14141K, committed 14336K, reserved 1062912K
  class space    used 1270K, capacity 1475K, committed 1536K, reserved 1048576K
}
Event: 33127.262 GC heap before
{Heap before GC invocations=1074 (full 0):
 garbage-first heap   total 2105344K, used 1420430K [0x0000000082000000, 0x0000000800000000)
  region size 4096K, 307 young (1257472K), 2 survivors (8192K)
 Metaspace       used 13692K, capacity 14141K, committed 14336K, reserved 1062912K
  class space    used 1270K, capacity 1475K, committed 1536K, reserved 1048576K
}
Event: 33130.347 GC heap after
{Heap after GC invocations=1075 (full 0):
 garbage-first heap   total 2105344K, used 11902K [0x0000000082000000, 0x0000000800000000)
  region size 4096K, 2 young (8192K), 2 survivors (8192K)
 Metaspace       used 13692K, capacity 14141K, committed 14336K, reserved 1062912K
  class space    used 1270K, capacity 1475K, committed 1536K, reserved 1048576K
}
Event: 33138.143 GC heap before
{Heap before GC invocations=1075 (full 0):
 garbage-first heap   total 2105344K, used 110206K [0x0000000082000000, 0x0000000800000000)
  region size 4096K, 25 young (102400K), 2 survivors (8192K)
 Metaspace       used 13692K, capacity 14141K, committed 14336K, reserved 1062912K
  class space    used 1270K, capacity 1475K, committed 1536K, reserved 1048576K
}
Event: 33139.285 GC heap after
{Heap after GC invocations=1076 (full 0):
 garbage-first heap   total 2105344K, used 11316K [0x0000000082000000, 0x0000000800000000)
  region size 4096K, 2 young (8192K), 2 survivors (8192K)
 Metaspace       used 13692K, capacity 14141K, committed 14336K, reserved 1062912K
  class space    used 1270K, capacity 1475K, committed 1536K, reserved 1048576K
}
Event: 33146.332 GC heap before
{Heap before GC invocations=1076 (full 0):
 garbage-first heap   total 2105344K, used 101428K [0x0000000082000000, 0x0000000800000000)
  region size 4096K, 25 young (102400K), 2 survivors (8192K)
 Metaspace       used 13692K, capacity 14141K, committed 14336K, reserved 1062912K
  class space    used 1270K, capacity 1475K, committed 1536K, reserved 1048576K
}
Event: 33148.952 GC heap after
{Heap after GC invocations=1077 (full 0):
 garbage-first heap   total 2105344K, used 10081K [0x0000000082000000, 0x0000000800000000)
  region size 4096K, 1 young (4096K), 1 survivors (4096K)
 Metaspace       used 13692K, capacity 14141K, committed 14336K, reserved 1062912K
  class space    used 1270K, capacity 1475K, committed 1536K, reserved 1048576K
}
Event: 33159.050 GC heap before
{Heap before GC invocations=1077 (full 0):
 garbage-first heap   total 2105344K, used 116577K [0x0000000082000000, 0x0000000800000000)
  region size 4096K, 25 young (102400K), 1 survivors (4096K)
 Metaspace       used 13692K, capacity 14141K, committed 14336K, reserved 1062912K
  class space    used 1270K, capacity 1475K, committed 1536K, reserved 1048576K
}

